<?xml version="1.0" encoding="UTF-8"?>
<coverage generated="1513897769262" clover="3.2.0">
  <project timestamp="1513897769262" name="All files">
    <metrics statements="39" coveredstatements="39" conditionals="11" coveredconditionals="11" methods="26" coveredmethods="26" elements="76" coveredelements="76" complexity="0" loc="39" ncloc="39" packages="4" files="9" classes="9">
      <package name="__tests__">
        <metrics statements="1" coveredstatements="1" conditionals="0" coveredconditionals="0" methods="0" coveredmethods="0"/>
        <file name="setup.js" path="/Users/skeletor/Projects/Mobile/RNTests/__tests__/setup.js">
          <metrics statements="1" coveredstatements="1" conditionals="0" coveredconditionals="0" methods="0" coveredmethods="0"/>
          <line num="4" count="5" type="stmt"/>
        </file>
      </package>
      <package name="src.components">
        <metrics statements="19" coveredstatements="19" conditionals="2" coveredconditionals="2" methods="15" coveredmethods="15"/>
        <file name="List.js" path="/Users/skeletor/Projects/Mobile/RNTests/src/components/List.js">
          <metrics statements="10" coveredstatements="10" conditionals="2" coveredconditionals="2" methods="9" coveredmethods="9"/>
          <line num="14" count="6" type="stmt"/>
          <line num="16" count="6" type="stmt"/>
          <line num="20" count="7" type="stmt"/>
          <line num="21" count="18" type="stmt"/>
          <line num="26" count="1" type="stmt"/>
          <line num="35" count="1" type="stmt"/>
          <line num="36" count="3" type="stmt"/>
          <line num="41" count="1" type="stmt"/>
          <line num="45" count="18" type="stmt"/>
          <line num="51" count="1" type="stmt"/>
        </file>
        <file name="Post.js" path="/Users/skeletor/Projects/Mobile/RNTests/src/components/Post.js">
          <metrics statements="3" coveredstatements="3" conditionals="0" coveredconditionals="0" methods="2" coveredmethods="2"/>
          <line num="8" count="2" type="stmt"/>
          <line num="9" count="1" type="stmt"/>
          <line num="13" count="1" type="stmt"/>
        </file>
        <file name="TodoList.js" path="/Users/skeletor/Projects/Mobile/RNTests/src/components/TodoList.js">
          <metrics statements="6" coveredstatements="6" conditionals="0" coveredconditionals="0" methods="4" coveredmethods="4"/>
          <line num="14" count="1" type="stmt"/>
          <line num="15" count="2" type="stmt"/>
          <line num="16" count="4" type="stmt"/>
          <line num="21" count="2" type="stmt"/>
          <line num="25" count="1" type="stmt"/>
          <line num="26" count="2" type="stmt"/>
        </file>
      </package>
      <package name="src.services">
        <metrics statements="1" coveredstatements="1" conditionals="0" coveredconditionals="0" methods="0" coveredmethods="0"/>
        <file name="api.js" path="/Users/skeletor/Projects/Mobile/RNTests/src/services/api.js">
          <metrics statements="1" coveredstatements="1" conditionals="0" coveredconditionals="0" methods="0" coveredmethods="0"/>
          <line num="3" count="1" type="stmt"/>
        </file>
      </package>
      <package name="src.store">
        <metrics statements="18" coveredstatements="18" conditionals="9" coveredconditionals="9" methods="11" coveredmethods="11"/>
        <file name="actions.js" path="/Users/skeletor/Projects/Mobile/RNTests/src/store/actions.js">
          <metrics statements="3" coveredstatements="3" conditionals="0" coveredconditionals="0" methods="3" coveredmethods="3"/>
          <line num="2" count="3" type="stmt"/>
          <line num="11" count="1" type="stmt"/>
          <line num="20" count="2" type="stmt"/>
        </file>
        <file name="reducers.js" path="/Users/skeletor/Projects/Mobile/RNTests/src/store/reducers.js">
          <metrics statements="7" coveredstatements="7" conditionals="7" coveredconditionals="7" methods="3" coveredmethods="3"/>
          <line num="2" count="5" type="stmt"/>
          <line num="5" count="5" type="cond" truecount="4" falsecount="0"/>
          <line num="7" count="1" type="stmt"/>
          <line num="9" count="2" type="stmt"/>
          <line num="11" count="2" type="stmt"/>
          <line num="12" count="4" type="cond" truecount="2" falsecount="0"/>
          <line num="17" count="1" type="stmt"/>
        </file>
        <file name="sagas.js" path="/Users/skeletor/Projects/Mobile/RNTests/src/store/sagas.js">
          <metrics statements="5" coveredstatements="5" conditionals="2" coveredconditionals="2" methods="2" coveredmethods="2"/>
          <line num="7" count="2" type="stmt"/>
          <line num="9" count="2" type="cond" truecount="2" falsecount="0"/>
          <line num="10" count="1" type="stmt"/>
          <line num="12" count="1" type="stmt"/>
          <line num="17" count="2" type="stmt"/>
        </file>
        <file name="userActions.js" path="/Users/skeletor/Projects/Mobile/RNTests/src/store/userActions.js">
          <metrics statements="3" coveredstatements="3" conditionals="0" coveredconditionals="0" methods="3" coveredmethods="3"/>
          <line num="2" count="2" type="stmt"/>
          <line num="11" count="3" type="stmt"/>
          <line num="20" count="3" type="stmt"/>
        </file>
      </package>
    </metrics>
  </project>
</coverage>
