{"/Users/skeletor/Projects/Mobile/RNTests/__tests__/setup.js": {"path":"/Users/skeletor/Projects/Mobile/RNTests/__tests__/setup.js","statementMap":{"0":{"start":{"line":4,"column":0},"end":{"line":4,"column":45}}},"fnMap":{},"branchMap":{},"s":{"0":5},"f":{},"b":{},"_coverageSchema":"332fd63041d2c1bcb487cc26dd0d5f7d97098a6c","hash":"7fe2b8b91af6bc165a8484276d2a578a2201e618"}
,"/Users/skeletor/Projects/Mobile/RNTests/src/components/List.js": {"path":"/Users/skeletor/Projects/Mobile/RNTests/src/components/List.js","statementMap":{"0":{"start":{"line":14,"column":18},"end":{"line":14,"column":71}},"1":{"start":{"line":16,"column":4},"end":{"line":16,"column":29}},"2":{"start":{"line":20,"column":4},"end":{"line":22,"column":17}},"3":{"start":{"line":21,"column":37},"end":{"line":21,"column":71}},"4":{"start":{"line":26,"column":4},"end":{"line":31,"column":6}},"5":{"start":{"line":35,"column":4},"end":{"line":37,"column":6}},"6":{"start":{"line":36,"column":45},"end":{"line":36,"column":59}},"7":{"start":{"line":41,"column":4},"end":{"line":41,"column":80}},"8":{"start":{"line":45,"column":4},"end":{"line":53,"column":6}},"9":{"start":{"line":51,"column":59},"end":{"line":51,"column":75}}},"fnMap":{"0":{"name":"(anonymous_0)","decl":{"start":{"line":13,"column":2},"end":{"line":13,"column":3}},"loc":{"start":{"line":13,"column":28},"end":{"line":17,"column":3}},"line":13},"1":{"name":"(anonymous_1)","decl":{"start":{"line":19,"column":16},"end":{"line":19,"column":17}},"loc":{"start":{"line":20,"column":4},"end":{"line":22,"column":17}},"line":20},"2":{"name":"(anonymous_2)","decl":{"start":{"line":21,"column":29},"end":{"line":21,"column":30}},"loc":{"start":{"line":21,"column":37},"end":{"line":21,"column":71}},"line":21},"3":{"name":"(anonymous_3)","decl":{"start":{"line":25,"column":12},"end":{"line":25,"column":13}},"loc":{"start":{"line":25,"column":18},"end":{"line":32,"column":3}},"line":25},"4":{"name":"(anonymous_4)","decl":{"start":{"line":34,"column":15},"end":{"line":34,"column":16}},"loc":{"start":{"line":34,"column":23},"end":{"line":38,"column":3}},"line":34},"5":{"name":"(anonymous_5)","decl":{"start":{"line":36,"column":37},"end":{"line":36,"column":38}},"loc":{"start":{"line":36,"column":45},"end":{"line":36,"column":59}},"line":36},"6":{"name":"(anonymous_6)","decl":{"start":{"line":40,"column":14},"end":{"line":40,"column":15}},"loc":{"start":{"line":40,"column":26},"end":{"line":42,"column":3}},"line":40},"7":{"name":"(anonymous_7)","decl":{"start":{"line":44,"column":2},"end":{"line":44,"column":3}},"loc":{"start":{"line":44,"column":11},"end":{"line":54,"column":3}},"line":44},"8":{"name":"(anonymous_8)","decl":{"start":{"line":51,"column":53},"end":{"line":51,"column":54}},"loc":{"start":{"line":51,"column":59},"end":{"line":51,"column":75}},"line":51}},"branchMap":{"0":{"loc":{"start":{"line":47,"column":10},"end":{"line":49,"column":38}},"type":"cond-expr","locations":[{"start":{"line":48,"column":14},"end":{"line":48,"column":32}},{"start":{"line":49,"column":14},"end":{"line":49,"column":38}}],"line":47}},"s":{"0":6,"1":6,"2":7,"3":18,"4":1,"5":1,"6":3,"7":1,"8":18,"9":1},"f":{"0":6,"1":7,"2":18,"3":1,"4":1,"5":3,"6":1,"7":18,"8":1},"b":{"0":[7,6]},"_coverageSchema":"332fd63041d2c1bcb487cc26dd0d5f7d97098a6c","hash":"5ccb93bdc299a550f9bc0b856ba68aeb3f75e832"}
,"/Users/skeletor/Projects/Mobile/RNTests/src/components/Post.js": {"path":"/Users/skeletor/Projects/Mobile/RNTests/src/components/Post.js","statementMap":{"0":{"start":{"line":8,"column":13},"end":{"line":15,"column":1}},"1":{"start":{"line":9,"column":2},"end":{"line":14,"column":9}},"2":{"start":{"line":13,"column":47},"end":{"line":13,"column":64}}},"fnMap":{"0":{"name":"(anonymous_0)","decl":{"start":{"line":8,"column":13},"end":{"line":8,"column":14}},"loc":{"start":{"line":9,"column":2},"end":{"line":14,"column":9}},"line":9},"1":{"name":"(anonymous_1)","decl":{"start":{"line":13,"column":41},"end":{"line":13,"column":42}},"loc":{"start":{"line":13,"column":47},"end":{"line":13,"column":64}},"line":13}},"branchMap":{},"s":{"0":2,"1":1,"2":1},"f":{"0":1,"1":1},"b":{},"_coverageSchema":"332fd63041d2c1bcb487cc26dd0d5f7d97098a6c","hash":"d241082a3ad8d5071268d1e15ecf603d6c1c05a8"}
,"/Users/skeletor/Projects/Mobile/RNTests/src/components/TodoList.js": {"path":"/Users/skeletor/Projects/Mobile/RNTests/src/components/TodoList.js","statementMap":{"0":{"start":{"line":14,"column":17},"end":{"line":20,"column":1}},"1":{"start":{"line":15,"column":2},"end":{"line":19,"column":9}},"2":{"start":{"line":16,"column":24},"end":{"line":16,"column":62}},"3":{"start":{"line":21,"column":24},"end":{"line":23,"column":2}},"4":{"start":{"line":21,"column":34},"end":{"line":23,"column":1}},"5":{"start":{"line":25,"column":27},"end":{"line":26,"column":39}},"6":{"start":{"line":26,"column":2},"end":{"line":26,"column":39}}},"fnMap":{"0":{"name":"(anonymous_0)","decl":{"start":{"line":14,"column":17},"end":{"line":14,"column":18}},"loc":{"start":{"line":15,"column":2},"end":{"line":19,"column":9}},"line":15},"1":{"name":"(anonymous_1)","decl":{"start":{"line":16,"column":16},"end":{"line":16,"column":17}},"loc":{"start":{"line":16,"column":24},"end":{"line":16,"column":62}},"line":16},"2":{"name":"(anonymous_2)","decl":{"start":{"line":21,"column":24},"end":{"line":21,"column":25}},"loc":{"start":{"line":21,"column":34},"end":{"line":23,"column":1}},"line":21},"3":{"name":"(anonymous_3)","decl":{"start":{"line":25,"column":27},"end":{"line":25,"column":28}},"loc":{"start":{"line":26,"column":2},"end":{"line":26,"column":39}},"line":26}},"branchMap":{},"s":{"0":1,"1":2,"2":4,"3":1,"4":2,"5":1,"6":2},"f":{"0":2,"1":4,"2":2,"3":2},"b":{},"_coverageSchema":"332fd63041d2c1bcb487cc26dd0d5f7d97098a6c","hash":"9796228f78291026ce6dcb619fdbe91d6779203d"}
,"/Users/skeletor/Projects/Mobile/RNTests/src/services/api.js": {"path":"/Users/skeletor/Projects/Mobile/RNTests/src/services/api.js","statementMap":{"0":{"start":{"line":3,"column":12},"end":{"line":9,"column":2}}},"fnMap":{},"branchMap":{},"s":{"0":1},"f":{},"b":{},"_coverageSchema":"332fd63041d2c1bcb487cc26dd0d5f7d97098a6c","hash":"addb406396fd0c7b1aeb046265a2a8394154295a"}
,"/Users/skeletor/Projects/Mobile/RNTests/src/store/actions.js": {"path":"/Users/skeletor/Projects/Mobile/RNTests/src/store/actions.js","statementMap":{"0":{"start":{"line":2,"column":2},"end":{"line":7,"column":3}},"1":{"start":{"line":11,"column":2},"end":{"line":16,"column":3}},"2":{"start":{"line":20,"column":2},"end":{"line":25,"column":3}}},"fnMap":{"0":{"name":"addTodo","decl":{"start":{"line":1,"column":16},"end":{"line":1,"column":23}},"loc":{"start":{"line":1,"column":30},"end":{"line":8,"column":1}},"line":1},"1":{"name":"removeTodo","decl":{"start":{"line":10,"column":16},"end":{"line":10,"column":26}},"loc":{"start":{"line":10,"column":31},"end":{"line":17,"column":1}},"line":10},"2":{"name":"completeTodo","decl":{"start":{"line":19,"column":16},"end":{"line":19,"column":28}},"loc":{"start":{"line":19,"column":33},"end":{"line":26,"column":1}},"line":19}},"branchMap":{},"s":{"0":3,"1":1,"2":2},"f":{"0":3,"1":1,"2":2},"b":{},"_coverageSchema":"332fd63041d2c1bcb487cc26dd0d5f7d97098a6c","hash":"2557d70700c7e09196378258e6079f0aa7930d99"}
,"/Users/skeletor/Projects/Mobile/RNTests/src/store/reducers.js": {"path":"/Users/skeletor/Projects/Mobile/RNTests/src/store/reducers.js","statementMap":{"0":{"start":{"line":2,"column":2},"end":{"line":2,"column":21}},"1":{"start":{"line":5,"column":2},"end":{"line":18,"column":3}},"2":{"start":{"line":7,"column":6},"end":{"line":7,"column":75}},"3":{"start":{"line":9,"column":6},"end":{"line":9,"column":65}},"4":{"start":{"line":9,"column":34},"end":{"line":9,"column":63}},"5":{"start":{"line":11,"column":6},"end":{"line":15,"column":9}},"6":{"start":{"line":12,"column":8},"end":{"line":14,"column":17}},"7":{"start":{"line":17,"column":6},"end":{"line":17,"column":19}}},"fnMap":{"0":{"name":"todos","decl":{"start":{"line":1,"column":24},"end":{"line":1,"column":29}},"loc":{"start":{"line":1,"column":50},"end":{"line":19,"column":1}},"line":1},"1":{"name":"(anonymous_1)","decl":{"start":{"line":9,"column":26},"end":{"line":9,"column":27}},"loc":{"start":{"line":9,"column":34},"end":{"line":9,"column":63}},"line":9},"2":{"name":"(anonymous_2)","decl":{"start":{"line":11,"column":23},"end":{"line":11,"column":24}},"loc":{"start":{"line":12,"column":8},"end":{"line":14,"column":17}},"line":12}},"branchMap":{"0":{"loc":{"start":{"line":1,"column":30},"end":{"line":1,"column":40}},"type":"default-arg","locations":[{"start":{"line":1,"column":38},"end":{"line":1,"column":40}}],"line":1},"1":{"loc":{"start":{"line":5,"column":2},"end":{"line":18,"column":3}},"type":"switch","locations":[{"start":{"line":6,"column":4},"end":{"line":7,"column":75}},{"start":{"line":8,"column":4},"end":{"line":9,"column":65}},{"start":{"line":10,"column":4},"end":{"line":15,"column":9}},{"start":{"line":16,"column":4},"end":{"line":17,"column":19}}],"line":5},"2":{"loc":{"start":{"line":12,"column":8},"end":{"line":14,"column":17}},"type":"cond-expr","locations":[{"start":{"line":13,"column":12},"end":{"line":13,"column":51}},{"start":{"line":14,"column":13},"end":{"line":14,"column":17}}],"line":12}},"s":{"0":5,"1":5,"2":1,"3":1,"4":2,"5":2,"6":4,"7":1},"f":{"0":5,"1":2,"2":4},"b":{"0":[1],"1":[1,1,2,1],"2":[2,2]},"_coverageSchema":"332fd63041d2c1bcb487cc26dd0d5f7d97098a6c","hash":"7c1f60345fba189a03262f844f7558b045918a9c"}
,"/Users/skeletor/Projects/Mobile/RNTests/src/store/sagas.js": {"path":"/Users/skeletor/Projects/Mobile/RNTests/src/store/sagas.js","statementMap":{"0":{"start":{"line":7,"column":19},"end":{"line":7,"column":75}},"1":{"start":{"line":9,"column":2},"end":{"line":13,"column":3}},"2":{"start":{"line":10,"column":4},"end":{"line":10,"column":53}},"3":{"start":{"line":12,"column":4},"end":{"line":12,"column":40}},"4":{"start":{"line":17,"column":2},"end":{"line":19,"column":4}}},"fnMap":{"0":{"name":"addUserFromGithub","decl":{"start":{"line":6,"column":10},"end":{"line":6,"column":27}},"loc":{"start":{"line":6,"column":36},"end":{"line":14,"column":1}},"line":6},"1":{"name":"root","decl":{"start":{"line":16,"column":25},"end":{"line":16,"column":29}},"loc":{"start":{"line":16,"column":32},"end":{"line":20,"column":1}},"line":16}},"branchMap":{"0":{"loc":{"start":{"line":9,"column":2},"end":{"line":13,"column":3}},"type":"if","locations":[{"start":{"line":9,"column":2},"end":{"line":13,"column":3}},{"start":{"line":9,"column":2},"end":{"line":13,"column":3}}],"line":9}},"s":{"0":2,"1":2,"2":1,"3":1,"4":2},"f":{"0":2,"1":2},"b":{"0":[1,1]},"_coverageSchema":"332fd63041d2c1bcb487cc26dd0d5f7d97098a6c","hash":"8634a050f0121eb421d971e6112b395128c36e8e"}
,"/Users/skeletor/Projects/Mobile/RNTests/src/store/userActions.js": {"path":"/Users/skeletor/Projects/Mobile/RNTests/src/store/userActions.js","statementMap":{"0":{"start":{"line":2,"column":2},"end":{"line":7,"column":3}},"1":{"start":{"line":11,"column":2},"end":{"line":16,"column":3}},"2":{"start":{"line":20,"column":2},"end":{"line":22,"column":3}}},"fnMap":{"0":{"name":"addUserRequest","decl":{"start":{"line":1,"column":16},"end":{"line":1,"column":30}},"loc":{"start":{"line":1,"column":41},"end":{"line":8,"column":1}},"line":1},"1":{"name":"addUserSuccess","decl":{"start":{"line":10,"column":16},"end":{"line":10,"column":30}},"loc":{"start":{"line":10,"column":37},"end":{"line":17,"column":1}},"line":10},"2":{"name":"addUserFailure","decl":{"start":{"line":19,"column":16},"end":{"line":19,"column":30}},"loc":{"start":{"line":19,"column":33},"end":{"line":23,"column":1}},"line":19}},"branchMap":{},"s":{"0":2,"1":3,"2":3},"f":{"0":2,"1":3,"2":3},"b":{},"_coverageSchema":"332fd63041d2c1bcb487cc26dd0d5f7d97098a6c","hash":"da5cfe4bbea2ec01ec18181ce2bd1aa4d3a0d89c"}
}
