TN:
SF:/Users/skeletor/Projects/Mobile/RNTests/__tests__/setup.js
FNF:0
FNH:0
DA:4,5
LF:1
LH:1
BRF:0
BRH:0
end_of_record
TN:
SF:/Users/skeletor/Projects/Mobile/RNTests/src/components/List.js
FN:13,(anonymous_0)
FN:19,(anonymous_1)
FN:21,(anonymous_2)
FN:25,(anonymous_3)
FN:34,(anonymous_4)
FN:36,(anonymous_5)
FN:40,(anonymous_6)
FN:44,(anonymous_7)
FN:51,(anonymous_8)
FNF:9
FNH:9
FNDA:6,(anonymous_0)
FNDA:7,(anonymous_1)
FNDA:18,(anonymous_2)
FNDA:1,(anonymous_3)
FNDA:1,(anonymous_4)
FNDA:3,(anonymous_5)
FNDA:1,(anonymous_6)
FNDA:18,(anonymous_7)
FNDA:1,(anonymous_8)
DA:14,6
DA:16,6
DA:20,7
DA:21,18
DA:26,1
DA:35,1
DA:36,3
DA:41,1
DA:45,18
DA:51,1
LF:10
LH:10
BRDA:47,0,0,7
BRDA:47,0,1,6
BRF:2
BRH:2
end_of_record
TN:
SF:/Users/skeletor/Projects/Mobile/RNTests/src/components/Post.js
FN:8,(anonymous_0)
FN:13,(anonymous_1)
FNF:2
FNH:2
FNDA:1,(anonymous_0)
FNDA:1,(anonymous_1)
DA:8,2
DA:9,1
DA:13,1
LF:3
LH:3
BRF:0
BRH:0
end_of_record
TN:
SF:/Users/skeletor/Projects/Mobile/RNTests/src/components/TodoList.js
FN:14,(anonymous_0)
FN:16,(anonymous_1)
FN:21,(anonymous_2)
FN:25,(anonymous_3)
FNF:4
FNH:4
FNDA:2,(anonymous_0)
FNDA:4,(anonymous_1)
FNDA:2,(anonymous_2)
FNDA:2,(anonymous_3)
DA:14,1
DA:15,2
DA:16,4
DA:21,2
DA:25,1
DA:26,2
LF:6
LH:6
BRF:0
BRH:0
end_of_record
TN:
SF:/Users/skeletor/Projects/Mobile/RNTests/src/services/api.js
FNF:0
FNH:0
DA:3,1
LF:1
LH:1
BRF:0
BRH:0
end_of_record
TN:
SF:/Users/skeletor/Projects/Mobile/RNTests/src/store/actions.js
FN:1,addTodo
FN:10,removeTodo
FN:19,completeTodo
FNF:3
FNH:3
FNDA:3,addTodo
FNDA:1,removeTodo
FNDA:2,completeTodo
DA:2,3
DA:11,1
DA:20,2
LF:3
LH:3
BRF:0
BRH:0
end_of_record
TN:
SF:/Users/skeletor/Projects/Mobile/RNTests/src/store/reducers.js
FN:1,todos
FN:9,(anonymous_1)
FN:11,(anonymous_2)
FNF:3
FNH:3
FNDA:5,todos
FNDA:2,(anonymous_1)
FNDA:4,(anonymous_2)
DA:2,5
DA:5,5
DA:7,1
DA:9,2
DA:11,2
DA:12,4
DA:17,1
LF:7
LH:7
BRDA:1,0,0,1
BRDA:5,1,0,1
BRDA:5,1,1,1
BRDA:5,1,2,2
BRDA:5,1,3,1
BRDA:12,2,0,2
BRDA:12,2,1,2
BRF:7
BRH:7
end_of_record
TN:
SF:/Users/skeletor/Projects/Mobile/RNTests/src/store/sagas.js
FN:6,addUserFromGithub
FN:16,root
FNF:2
FNH:2
FNDA:2,addUserFromGithub
FNDA:2,root
DA:7,2
DA:9,2
DA:10,1
DA:12,1
DA:17,2
LF:5
LH:5
BRDA:9,0,0,1
BRDA:9,0,1,1
BRF:2
BRH:2
end_of_record
TN:
SF:/Users/skeletor/Projects/Mobile/RNTests/src/store/userActions.js
FN:1,addUserRequest
FN:10,addUserSuccess
FN:19,addUserFailure
FNF:3
FNH:3
FNDA:2,addUserRequest
FNDA:3,addUserSuccess
FNDA:3,addUserFailure
DA:2,2
DA:11,3
DA:20,3
LF:3
LH:3
BRF:0
BRH:0
end_of_record
